<!DOCTYPE html>
<html>
<head>
<title>Cucumber-JVM Html Reports - Feature: Sign Up feature </title>

<meta http-equiv="Content-Type" content="text/html; charset=UTF-8" />
<script type="text/javascript" src="jquery.min.js"></script>
<script type="text/javascript" src="jquery.tablesorter.min.js"></script>
<script type="text/javascript" src="bootstrap.min.js"></script>

<script type="text/javascript" src="highcharts.js"></script>
<script type="text/javascript" src="highcharts-3d.js"></script>

<link rel="stylesheet" href="bootstrap.min.css" type="text/css"/>

<link rel="stylesheet" href="reporting.css" type="text/css"/>

<script type="text/javascript">
$(document).ready(function() {
    $("#tablesorter").tablesorter();
});
</script>



</head>
<body>

<nav class="navbar navbar-default navbar-fixed-top" id="navigation">
  <div class="container-fluid">
    <div class="collapse navbar-collapse">
      <p class="navbar-text navbar-left">Cucumber-jvm Report</p>
      <ul class="nav navbar-nav navbar-right">
                <li role="presentation" ><a href="feature-overview.html">Features</a></li>
        <li role="presentation" ><a href="tag-overview.html">Tags</a></li>
        <li role="presentation" ><a href="step-overview.html">Steps</a></li>
      </ul>
    </div>
  </div>
</nav>

<div class="container-fluid" id="summary">
  <div class="row">
    <div class="col-md-6">
      <table class="table table-bordered">
        <thead>
          <tr>
            <th>Project</th>
                          <th>Number</th>
                        <th>Date</th>
          </tr>
        </thead>
        <tbody>
          <tr class="info">
            <td>cucumber-jvm-example</td>
                          <td>3</td>
                        <td>07 May 2018, 14:22</td>
          </tr>
        </tbody>
      </table>
    </div>
  </div>
</div>

<div class="container-fluid" id="title">
  <h2>Feature Report</h2>
  </div>


<div class="container-fluid" id="report-summary">
  <table class="stats-table">
    <thead>
  <tr class="header">
        <th></th>
    <th id="stats-header-scenarios" colspan="3">Scenarios</th>
    <th id="stats-header-steps" colspan="7">Steps</th>
    <th></th>
    <th></th>
  </tr>
  <tr>
    <th id="stats-header-key">Feature</th>
        <th id="stats-header-scenarios-total">Total</th>
    <th id="stats-header-scenarios-passed">Passed</th>
    <th id="stats-header-scenarios-failed">Failed</th>
    <th id="stats-header-steps-total">Total</th>
    <th id="stats-header-steps-passed"    class="passed">Passed</th>
    <th id="stats-header-steps-failed"    class="failed">Failed</th>
    <th id="stats-header-steps-skipped"   class="skipped">Skipped</th>
    <th id="stats-header-steps-pending"   class="pending">Pending</th>
    <th id="stats-header-steps-undefined" class="undefined">Undefined</th>
    <th id="stats-header-steps-missing"   class="missing">Missing</th>
    <th id="stats-header-duration">Duration</th>
    <th id="stats-header-status">Status</th>
  </tr>
</thead>

        <tr>
      <td class="tagname"><a id="stats-Sign Up feature" href="SignUp-feature.html">Sign Up feature</a></td>
            <td id="stats-number-scenarios-Sign Up feature">1</td>
      <td id="stats-number-scenarios-passed-Sign Up feature">0</td>
      <td id="stats-number-scenarios-failed-Sign Up feature">1</td>
      <td id="stats-number-steps-Sign Up feature">3</td>
      <td id="stats-number-steps-passed-Sign Up feature">0</td>
      <td id="stats-number-steps-failed-Sign Up feature"      class="failed" >1</td>
      <td id="stats-number-steps-skipped-Sign Up feature"      class="skipped" >2</td>
      <td id="stats-number-steps-pending-Sign Up feature"   >0</td>
      <td id="stats-number-steps-undefined-Sign Up feature" >0</td>
      <td id="stats-number-steps-missing-Sign Up feature"   >0</td>
      <td id="stats-duration-Sign Up feature" class="duration-format">1m 04s 481ms</td>
      <td id="stats-status-Sign Up feature" class="failed">Failed</td>
    </tr>
  </table>
</div>


<div class="container-fluid" id="report-details">
  <div class="feature-tags"></div>
  <div class="failed">
    <div class="feature-line">
      <span class="feature-keyword">Feature: </span>Sign Up feature
    </div>
  </div>
  <div class="feature-description"></div>

      <div class="feature-tags"><a href="SignUp.html">@SignUp</a>, <a href="Demo.html">@Demo</a></div>
    <div class="passed"><span class="step-keyword">Before </span><i>Hooks.setUp()</i><span class="step-duration"></span></div>
    <div class="failed"><span class="element-keyword">Scenario: </span><span class="element-name">To verify successful sign up</span></div>
          <div class="failed"><span class="step-keyword">Given  </span><span class="step-name">user is present in automationpractice website</span><span class="step-duration">1m 04s 481ms</span><div class="output_message"><input class="output_collapse" id="output_2062604571" type="checkbox"><label for="output_2062604571">cucumber.runtime.CucumberException: Failed to instantiate class stepDefinitions.SignUpTest</label><div>	at cucumber.runtime.java.DefaultJavaObjectFactory.cacheNewInstance(DefaultJavaObjectFactory.java:47)<br/>	at cucumber.runtime.java.DefaultJavaObjectFactory.getInstance(DefaultJavaObjectFactory.java:33)<br/>	at cucumber.runtime.java.JavaStepDefinition.execute(JavaStepDefinition.java:38)<br/>	at cucumber.runtime.StepDefinitionMatch.runStep(StepDefinitionMatch.java:37)<br/>	at cucumber.runtime.Runtime.runStep(Runtime.java:300)<br/>	at cucumber.runtime.model.StepContainer.runStep(StepContainer.java:44)<br/>	at cucumber.runtime.model.StepContainer.runSteps(StepContainer.java:39)<br/>	at cucumber.runtime.model.CucumberScenario.run(CucumberScenario.java:44)<br/>	at cucumber.runtime.model.CucumberFeature.run(CucumberFeature.java:165)<br/>	at cucumber.api.testng.TestNGCucumberRunner.runCucumber(TestNGCucumberRunner.java:63)<br/>	at cucumber.api.testng.AbstractTestNGCucumberTests.feature(AbstractTestNGCucumberTests.java:21)<br/>	at sun.reflect.NativeMethodAccessorImpl.invoke0(Native Method)<br/>	at sun.reflect.NativeMethodAccessorImpl.invoke(NativeMethodAccessorImpl.java:62)<br/>	at sun.reflect.DelegatingMethodAccessorImpl.invoke(DelegatingMethodAccessorImpl.java:43)<br/>	at java.lang.reflect.Method.invoke(Method.java:498)<br/>	at org.testng.internal.MethodInvocationHelper.invokeMethod(MethodInvocationHelper.java:108)<br/>	at org.testng.internal.Invoker.invokeMethod(Invoker.java:661)<br/>	at org.testng.internal.Invoker.invokeTestMethod(Invoker.java:869)<br/>	at org.testng.internal.Invoker.invokeTestMethods(Invoker.java:1193)<br/>	at org.testng.internal.TestMethodWorker.invokeTestMethods(TestMethodWorker.java:126)<br/>	at org.testng.internal.TestMethodWorker.run(TestMethodWorker.java:109)<br/>	at org.testng.TestRunner.privateRun(TestRunner.java:744)<br/>	at org.testng.TestRunner.run(TestRunner.java:602)<br/>	at org.testng.SuiteRunner.runTest(SuiteRunner.java:380)<br/>	at org.testng.SuiteRunner.runSequentially(SuiteRunner.java:375)<br/>	at org.testng.SuiteRunner.privateRun(SuiteRunner.java:340)<br/>	at org.testng.SuiteRunner.run(SuiteRunner.java:289)<br/>	at org.testng.SuiteRunnerWorker.runSuite(SuiteRunnerWorker.java:52)<br/>	at org.testng.SuiteRunnerWorker.run(SuiteRunnerWorker.java:86)<br/>	at org.testng.TestNG.runSuitesSequentially(TestNG.java:1301)<br/>	at org.testng.TestNG.runSuitesLocally(TestNG.java:1226)<br/>	at org.testng.TestNG.runSuites(TestNG.java:1144)<br/>	at org.testng.TestNG.run(TestNG.java:1115)<br/>	at org.apache.maven.surefire.testng.TestNGExecutor.run(TestNGExecutor.java:135)<br/>	at org.apache.maven.surefire.testng.TestNGDirectoryTestSuite.executeSingleClass(TestNGDirectoryTestSuite.java:112)<br/>	at org.apache.maven.surefire.testng.TestNGDirectoryTestSuite.executeLazy(TestNGDirectoryTestSuite.java:123)<br/>	at org.apache.maven.surefire.testng.TestNGDirectoryTestSuite.execute(TestNGDirectoryTestSuite.java:90)<br/>	at org.apache.maven.surefire.testng.TestNGProvider.invoke(TestNGProvider.java:146)<br/>	at org.apache.maven.surefire.booter.ForkedBooter.invokeProviderInSameClassLoader(ForkedBooter.java:386)<br/>	at org.apache.maven.surefire.booter.ForkedBooter.runSuitesInProcess(ForkedBooter.java:323)<br/>	at org.apache.maven.surefire.booter.ForkedBooter.main(ForkedBooter.java:143)<br/>Caused by: java.lang.reflect.InvocationTargetException<br/>	at sun.reflect.NativeConstructorAccessorImpl.newInstance0(Native Method)<br/>	at sun.reflect.NativeConstructorAccessorImpl.newInstance(NativeConstructorAccessorImpl.java:62)<br/>	at sun.reflect.DelegatingConstructorAccessorImpl.newInstance(DelegatingConstructorAccessorImpl.java:45)<br/>	at java.lang.reflect.Constructor.newInstance(Constructor.java:423)<br/>	at cucumber.runtime.java.DefaultJavaObjectFactory.cacheNewInstance(DefaultJavaObjectFactory.java:41)<br/>	... 40 more<br/>Caused by: org.openqa.selenium.TimeoutException: timeout<br/>  (Session info: chrome=66.0.3359.139)<br/>  (Driver info: chromedriver=2.37.544315 (730aa6a5fdba159ac9f4c1e8cbc59bf1b5ce12b7),platform=Windows NT 10.0.16299 x86_64) (WARNING: The server did not provide any stacktrace information)<br/>Command duration or timeout: 0 milliseconds<br/>Build info: version: '3.7.1', revision: '8a0099a', time: '2017-11-06T21:01:39.354Z'<br/>System info: host: 'DESKTOP-K9519T8', ip: '192.168.0.4', os.name: 'Windows 10', os.arch: 'amd64', os.version: '10.0', java.version: '1.8.0_151'<br/>Driver info: org.openqa.selenium.chrome.ChromeDriver<br/>Capabilities {acceptInsecureCerts: false, acceptSslCerts: false, applicationCacheEnabled: false, browserConnectionEnabled: false, browserName: chrome, chrome: {chromedriverVersion: 2.37.544315 (730aa6a5fdba15..., userDataDir: C:\Users\SHRAWA~1\AppData\L...}, cssSelectorsEnabled: true, databaseEnabled: false, handlesAlerts: true, hasTouchScreen: false, javascriptEnabled: true, locationContextEnabled: true, mobileEmulationEnabled: false, nativeEvents: true, networkConnectionEnabled: false, pageLoadStrategy: normal, platform: XP, platformName: XP, rotatable: false, setWindowRect: true, takesHeapSnapshot: true, takesScreenshot: true, unexpectedAlertBehaviour: , unhandledPromptBehavior: , version: 66.0.3359.139, webStorageEnabled: true}<br/>Session ID: bde0d680a70ae52138e9d5120827e445<br/>	at sun.reflect.NativeConstructorAccessorImpl.newInstance0(Native Method)<br/>	at sun.reflect.NativeConstructorAccessorImpl.newInstance(NativeConstructorAccessorImpl.java:62)<br/>	at sun.reflect.DelegatingConstructorAccessorImpl.newInstance(DelegatingConstructorAccessorImpl.java:45)<br/>	at java.lang.reflect.Constructor.newInstance(Constructor.java:423)<br/>	at org.openqa.selenium.remote.ErrorHandler.createThrowable(ErrorHandler.java:214)<br/>	at org.openqa.selenium.remote.ErrorHandler.throwIfResponseFailed(ErrorHandler.java:166)<br/>	at org.openqa.selenium.remote.http.JsonHttpResponseCodec.reconstructValue(JsonHttpResponseCodec.java:40)<br/>	at org.openqa.selenium.remote.http.AbstractHttpResponseCodec.decode(AbstractHttpResponseCodec.java:80)<br/>	at org.openqa.selenium.remote.http.AbstractHttpResponseCodec.decode(AbstractHttpResponseCodec.java:44)<br/>	at org.openqa.selenium.remote.HttpCommandExecutor.execute(HttpCommandExecutor.java:164)<br/>	at org.openqa.selenium.remote.service.DriverCommandExecutor.execute(DriverCommandExecutor.java:83)<br/>	at org.openqa.selenium.remote.RemoteWebDriver.execute(RemoteWebDriver.java:600)<br/>	at org.openqa.selenium.remote.RemoteWebDriver.get(RemoteWebDriver.java:324)<br/>	at testBase.TestBase.initialization(TestBase.java:73)<br/>	at stepDefinitions.SignUpTest.<init>(SignUpTest.java:24)<br/>	... 45 more<br/></div></div></div>
      
            <div></div>
      <div></div>
          <div class="skipped"><span class="step-keyword">When  </span><span class="step-name">user clicks on Sign Up</span><span class="step-duration">000ms</span></div>
      
            <div></div>
      <div></div>
          <div class="skipped"><span class="step-keyword">Then  </span><span class="step-name">user should get redirected to Registartion Page</span><span class="step-duration">000ms</span></div>
      
            <div></div>
      <div></div>
        <div class="passed"><span class="step-keyword">After </span><i>Hooks.tearDown()</i><span class="step-duration"></span></div>
    <br>
  </div>

<nav class="navbar navbar-default" id="footer">
  <div class="container-fluid">
    <p class="navbar-text navbar-right">
      <a class="navbar-link" href="https://github.com/jenkinsci/cucumber-reports-plugin">Jenkins Plugin</a> |
      <a class="navbar-link" href="https://github.com/damianszczepanik/cucumber-reporting">Cucumber-JVM Reports</a>
    </p>
  </div>
</nav>

</body>
</html>
